<?xml version="1.0" encoding="UTF-8"?>
<!-- Generated by org.testng.reporters.JUnitReportReporter -->
<testsuite hostname="WKWZTmXt4QWTjFj" failures="0" tests="1" name="com.sapient.app.AppTest" time="0.011" errors="0" timestamp="2023-01-02T10:10:40 IST" skipped="0">
  <testcase classname="com.sapient.app.AppTest" name="shouldAnswerWithTrue" time="0.011"/>
  <system-out/>
</testsuite> <!-- com.sapient.app.AppTest -->
